<?xml version="1.0" encoding="UTF-8"?>
<testsuite name="dev.tramai.examples.spring.ApprovalGatewaySpringGoldenPathSmokeTest" tests="1" skipped="0" failures="0" errors="0" timestamp="2026-07-16T11:02:16.027Z" hostname="gionag-ThinkStation-P620" time="1.175">
  <properties/>
  <testcase name="spring workflow can suspend through approval gateway without wiring low level stores()" classname="dev.tramai.examples.spring.ApprovalGatewaySpringGoldenPathSmokeTest" time="1.175"/>
  <system-out><![CDATA[13:02:14.830 [Test worker] INFO io.zonky.test.db.postgres.embedded.EmbeddedPostgres -- Detected a Linux x86_64 system
13:02:14.867 [Test worker] INFO io.zonky.test.db.postgres.embedded.DefaultPostgresBinaryResolver -- Detected distribution: 'Ubuntu'
13:02:14.869 [Test worker] INFO io.zonky.test.db.postgres.embedded.DefaultPostgresBinaryResolver -- System specific postgres binaries found: 'postgres-linux-x86_64.txz'
13:02:14.917 [Test worker] INFO io.zonky.test.db.postgres.embedded.EmbeddedPostgres -- Postgres binaries at /tmp/embedded-pg/PG-1a75b2fdb57c5cfc8674f29ebb0d831b
13:02:14.930 [initdb:pid(373445)] INFO io.zonky.test.db.postgres.embedded.EmbeddedPostgres -- The files belonging to this database system will be owned by user "gionag".
13:02:14.931 [initdb:pid(373445)] INFO io.zonky.test.db.postgres.embedded.EmbeddedPostgres -- This user must also own the server process.
13:02:14.931 [initdb:pid(373445)] INFO io.zonky.test.db.postgres.embedded.EmbeddedPostgres -- 
13:02:14.931 [initdb:pid(373445)] INFO io.zonky.test.db.postgres.embedded.EmbeddedPostgres -- The database cluster will be initialized with locale "en_US.UTF-8".
13:02:14.931 [initdb:pid(373445)] INFO io.zonky.test.db.postgres.embedded.EmbeddedPostgres -- The default text search configuration will be set to "english".
13:02:14.931 [initdb:pid(373445)] INFO io.zonky.test.db.postgres.embedded.EmbeddedPostgres -- 
13:02:14.931 [initdb:pid(373445)] INFO io.zonky.test.db.postgres.embedded.EmbeddedPostgres -- Data page checksums are disabled.
13:02:14.931 [initdb:pid(373445)] INFO io.zonky.test.db.postgres.embedded.EmbeddedPostgres -- 
13:02:14.931 [initdb:pid(373445)] INFO io.zonky.test.db.postgres.embedded.EmbeddedPostgres -- fixing permissions on existing directory /tmp/epg12541462021220223064 ... ok
13:02:14.931 [initdb:pid(373445)] INFO io.zonky.test.db.postgres.embedded.EmbeddedPostgres -- creating subdirectories ... ok
13:02:14.931 [initdb:pid(373445)] INFO io.zonky.test.db.postgres.embedded.EmbeddedPostgres -- selecting dynamic shared memory implementation ... posix
13:02:14.942 [initdb:pid(373445)] INFO io.zonky.test.db.postgres.embedded.EmbeddedPostgres -- selecting default max_connections ... 100
13:02:14.959 [initdb:pid(373445)] INFO io.zonky.test.db.postgres.embedded.EmbeddedPostgres -- selecting default shared_buffers ... 128MB
13:02:15.218 [initdb:pid(373445)] INFO io.zonky.test.db.postgres.embedded.EmbeddedPostgres -- selecting default time zone ... CET
13:02:15.219 [initdb:pid(373445)] INFO io.zonky.test.db.postgres.embedded.EmbeddedPostgres -- creating configuration files ... ok
13:02:15.345 [initdb:pid(373445)] INFO io.zonky.test.db.postgres.embedded.EmbeddedPostgres -- running bootstrap script ... ok
13:02:15.729 [initdb:pid(373445)] INFO io.zonky.test.db.postgres.embedded.EmbeddedPostgres -- performing post-bootstrap initialization ... ok
13:02:15.734 [initdb:pid(373445)] INFO io.zonky.test.db.postgres.embedded.EmbeddedPostgres -- syncing data to disk ... ok
13:02:15.735 [initdb:pid(373445)] INFO io.zonky.test.db.postgres.embedded.EmbeddedPostgres -- 
13:02:15.735 [initdb:pid(373445)] INFO io.zonky.test.db.postgres.embedded.EmbeddedPostgres -- Success. You can now start the database server using:
13:02:15.735 [initdb:pid(373445)] INFO io.zonky.test.db.postgres.embedded.EmbeddedPostgres -- 
13:02:15.735 [initdb:pid(373445)] INFO io.zonky.test.db.postgres.embedded.EmbeddedPostgres --     /tmp/embedded-pg/PG-1a75b2fdb57c5cfc8674f29ebb0d831b/bin/pg_ctl -D /tmp/epg12541462021220223064 -l logfile start
13:02:15.735 [initdb:pid(373445)] INFO io.zonky.test.db.postgres.embedded.EmbeddedPostgres -- 
13:02:15.735 [Test worker] INFO io.zonky.test.db.postgres.embedded.EmbeddedPostgres -- de58f662-ebf5-46fa-93f3-97f9e0e81359 initdb completed in 00:00:00.816
13:02:15.741 [Test worker] INFO io.zonky.test.db.postgres.embedded.EmbeddedPostgres -- de58f662-ebf5-46fa-93f3-97f9e0e81359 postmaster started as Process[pid=373537, exitValue="not exited"] on port 35391.  Waiting up to PT10S for server startup to finish.
13:02:15.774 [postgres:pid(373537)] INFO io.zonky.test.db.postgres.embedded.EmbeddedPostgres -- waiting for server to start....2026-07-16 13:02:15.774 CEST [373541] LOG:  starting PostgreSQL 14.10 on x86_64-pc-linux-gnu, compiled by gcc (Ubuntu 7.5.0-3ubuntu1~18.04) 7.5.0, 64-bit
13:02:15.775 [postgres:pid(373537)] INFO io.zonky.test.db.postgres.embedded.EmbeddedPostgres -- 2026-07-16 13:02:15.774 CEST [373541] LOG:  listening on IPv4 address "127.0.0.1", port 35391
13:02:15.776 [postgres:pid(373537)] INFO io.zonky.test.db.postgres.embedded.EmbeddedPostgres -- 2026-07-16 13:02:15.775 CEST [373541] LOG:  listening on Unix socket "/tmp/.s.PGSQL.35391"
13:02:15.777 [postgres:pid(373537)] INFO io.zonky.test.db.postgres.embedded.EmbeddedPostgres -- 2026-07-16 13:02:15.776 CEST [373543] LOG:  database system was shut down at 2026-07-16 13:02:15 CEST
13:02:15.780 [postgres:pid(373537)] INFO io.zonky.test.db.postgres.embedded.EmbeddedPostgres -- 2026-07-16 13:02:15.780 CEST [373541] LOG:  database system is ready to accept connections
13:02:15.848 [postgres:pid(373537)] INFO io.zonky.test.db.postgres.embedded.EmbeddedPostgres --  done
13:02:15.848 [postgres:pid(373537)] INFO io.zonky.test.db.postgres.embedded.EmbeddedPostgres -- server started
13:02:15.918 [Test worker] INFO io.zonky.test.db.postgres.embedded.EmbeddedPostgres -- de58f662-ebf5-46fa-93f3-97f9e0e81359 postmaster startup finished in 00:00:00.179
13:02:15.948 [Test worker] INFO com.zaxxer.hikari.HikariDataSource -- HikariPool-1 - Starting...
13:02:15.963 [Test worker] INFO com.zaxxer.hikari.pool.HikariPool -- HikariPool-1 - Added connection org.postgresql.jdbc.PgConnection@62dae245
13:02:15.965 [Test worker] INFO com.zaxxer.hikari.HikariDataSource -- HikariPool-1 - Start completed.
13:02:16.900 [Test worker @coroutine#1] INFO com.zaxxer.hikari.HikariDataSource -- HikariPool-2 - Starting...
13:02:16.905 [Test worker @coroutine#1] INFO com.zaxxer.hikari.pool.HikariPool -- HikariPool-2 - Added connection org.postgresql.jdbc.PgConnection@526f6427
13:02:16.905 [Test worker @coroutine#1] INFO com.zaxxer.hikari.HikariDataSource -- HikariPool-2 - Start completed.
13:02:17.192 [Test worker] INFO com.zaxxer.hikari.HikariDataSource -- HikariPool-2 - Shutdown initiated...
13:02:17.194 [Test worker] INFO com.zaxxer.hikari.HikariDataSource -- HikariPool-2 - Shutdown completed.
13:02:17.204 [Test worker] INFO com.zaxxer.hikari.HikariDataSource -- HikariPool-1 - Shutdown initiated...
13:02:17.207 [Test worker] INFO com.zaxxer.hikari.HikariDataSource -- HikariPool-1 - Shutdown completed.
13:02:17.209 [postgres:pid(373537)] INFO io.zonky.test.db.postgres.embedded.EmbeddedPostgres -- 2026-07-16 13:02:17.209 CEST [373541] LOG:  received fast shutdown request
13:02:17.210 [postgres:pid(373537)] INFO io.zonky.test.db.postgres.embedded.EmbeddedPostgres -- 2026-07-16 13:02:17.209 CEST [373541] LOG:  aborting any active transactions
13:02:17.309 [pg_ctl:pid(373860)] INFO io.zonky.test.db.postgres.embedded.EmbeddedPostgres -- waiting for server to shut down.... done
13:02:17.309 [pg_ctl:pid(373860)] INFO io.zonky.test.db.postgres.embedded.EmbeddedPostgres -- server stopped
13:02:17.310 [Test worker] INFO io.zonky.test.db.postgres.embedded.EmbeddedPostgres -- de58f662-ebf5-46fa-93f3-97f9e0e81359 shut down postmaster in 00:00:00.103
]]></system-out>
  <system-err><![CDATA[]]></system-err>
</testsuite>
