<?xml version="1.0" encoding="UTF-8"?>
<testsuite name="dev.tramai.examples.spring.SovereignLabProfileSmokeTest" tests="4" skipped="0" failures="0" errors="0" timestamp="2026-07-16T11:02:24.103Z" hostname="gionag-ThinkStation-P620" time="0.466">
  <properties/>
  <testcase name="datasource points to PostgreSQL()" classname="dev.tramai.examples.spring.SovereignLabProfileSmokeTest" time="0.457"/>
  <testcase name="local provider config is present and auto-configured as Spring bean()" classname="dev.tramai.examples.spring.SovereignLabProfileSmokeTest" time="0.003"/>
  <testcase name="sovereign lab profile boots with JDBC persistence and local provider()" classname="dev.tramai.examples.spring.SovereignLabProfileSmokeTest" time="0.002"/>
  <testcase name="sovereign persistence type is JDBC()" classname="dev.tramai.examples.spring.SovereignLabProfileSmokeTest" time="0.002"/>
  <system-out><![CDATA[
  .   ____          _            __ _ _
 /\\ / ___'_ __ _ _(_)_ __  __ _ \ \ \ \
( ( )\___ | '_ | '_| | '_ \/ _` | \ \ \ \
 \\/  ___)| |_)| | | | | || (_| |  ) ) ) )
  '  |____| .__|_| |_|_| |_\__, | / / / /
 =========|_|==============|___/=/_/_/_/

 :: Spring Boot ::                (v3.4.5)

2026-07-16T13:02:21.109+02:00  INFO 373304 --- [tdb:pid(374321)] i.z.t.d.p.embedded.EmbeddedPostgres      : The files belonging to this database system will be owned by user "gionag".
2026-07-16T13:02:21.109+02:00  INFO 373304 --- [tdb:pid(374321)] i.z.t.d.p.embedded.EmbeddedPostgres      : This user must also own the server process.
2026-07-16T13:02:21.109+02:00  INFO 373304 --- [tdb:pid(374321)] i.z.t.d.p.embedded.EmbeddedPostgres      : 
2026-07-16T13:02:21.109+02:00  INFO 373304 --- [tdb:pid(374321)] i.z.t.d.p.embedded.EmbeddedPostgres      : The database cluster will be initialized with locale "en_US.UTF-8".
2026-07-16T13:02:21.109+02:00  INFO 373304 --- [tdb:pid(374321)] i.z.t.d.p.embedded.EmbeddedPostgres      : The default text search configuration will be set to "english".
2026-07-16T13:02:21.109+02:00  INFO 373304 --- [tdb:pid(374321)] i.z.t.d.p.embedded.EmbeddedPostgres      : 
2026-07-16T13:02:21.109+02:00  INFO 373304 --- [tdb:pid(374321)] i.z.t.d.p.embedded.EmbeddedPostgres      : Data page checksums are disabled.
2026-07-16T13:02:21.109+02:00  INFO 373304 --- [tdb:pid(374321)] i.z.t.d.p.embedded.EmbeddedPostgres      : 
2026-07-16T13:02:21.109+02:00  INFO 373304 --- [tdb:pid(374321)] i.z.t.d.p.embedded.EmbeddedPostgres      : fixing permissions on existing directory /tmp/epg17786970174995898196 ... ok
2026-07-16T13:02:21.110+02:00  INFO 373304 --- [tdb:pid(374321)] i.z.t.d.p.embedded.EmbeddedPostgres      : creating subdirectories ... ok
2026-07-16T13:02:21.110+02:00  INFO 373304 --- [tdb:pid(374321)] i.z.t.d.p.embedded.EmbeddedPostgres      : selecting dynamic shared memory implementation ... posix
2026-07-16T13:02:21.122+02:00  INFO 373304 --- [tdb:pid(374321)] i.z.t.d.p.embedded.EmbeddedPostgres      : selecting default max_connections ... 100
2026-07-16T13:02:21.138+02:00  INFO 373304 --- [tdb:pid(374321)] i.z.t.d.p.embedded.EmbeddedPostgres      : selecting default shared_buffers ... 128MB
2026-07-16T13:02:21.357+02:00  INFO 373304 --- [tdb:pid(374321)] i.z.t.d.p.embedded.EmbeddedPostgres      : selecting default time zone ... CET
2026-07-16T13:02:21.358+02:00  INFO 373304 --- [tdb:pid(374321)] i.z.t.d.p.embedded.EmbeddedPostgres      : creating configuration files ... ok
2026-07-16T13:02:21.462+02:00  INFO 373304 --- [tdb:pid(374321)] i.z.t.d.p.embedded.EmbeddedPostgres      : running bootstrap script ... ok
2026-07-16T13:02:21.819+02:00  INFO 373304 --- [tdb:pid(374321)] i.z.t.d.p.embedded.EmbeddedPostgres      : performing post-bootstrap initialization ... ok
2026-07-16T13:02:21.826+02:00  INFO 373304 --- [tdb:pid(374321)] i.z.t.d.p.embedded.EmbeddedPostgres      : syncing data to disk ... ok
2026-07-16T13:02:21.826+02:00  INFO 373304 --- [tdb:pid(374321)] i.z.t.d.p.embedded.EmbeddedPostgres      : 
2026-07-16T13:02:21.826+02:00  INFO 373304 --- [tdb:pid(374321)] i.z.t.d.p.embedded.EmbeddedPostgres      : Success. You can now start the database server using:
2026-07-16T13:02:21.826+02:00  INFO 373304 --- [tdb:pid(374321)] i.z.t.d.p.embedded.EmbeddedPostgres      : 
2026-07-16T13:02:21.826+02:00  INFO 373304 --- [tdb:pid(374321)] i.z.t.d.p.embedded.EmbeddedPostgres      :     /tmp/embedded-pg/PG-1a75b2fdb57c5cfc8674f29ebb0d831b/bin/pg_ctl -D /tmp/epg17786970174995898196 -l logfile start
2026-07-16T13:02:21.826+02:00  INFO 373304 --- [tdb:pid(374321)] i.z.t.d.p.embedded.EmbeddedPostgres      : 
2026-07-16T13:02:21.826+02:00  INFO 373304 --- [    Test worker] i.z.t.d.p.embedded.EmbeddedPostgres      : caa654db-eb27-43c1-8a57-843a1d03ba15 initdb completed in 00:00:00.727
2026-07-16T13:02:21.829+02:00  INFO 373304 --- [    Test worker] i.z.t.d.p.embedded.EmbeddedPostgres      : caa654db-eb27-43c1-8a57-843a1d03ba15 postmaster started as Process[pid=374572, exitValue="not exited"] on port 39949.  Waiting up to PT10S for server startup to finish.
2026-07-16T13:02:21.852+02:00  INFO 373304 --- [res:pid(374572)] i.z.t.d.p.embedded.EmbeddedPostgres      : waiting for server to start....2026-07-16 13:02:21.852 CEST [374577] LOG:  starting PostgreSQL 14.10 on x86_64-pc-linux-gnu, compiled by gcc (Ubuntu 7.5.0-3ubuntu1~18.04) 7.5.0, 64-bit
2026-07-16T13:02:21.853+02:00  INFO 373304 --- [res:pid(374572)] i.z.t.d.p.embedded.EmbeddedPostgres      : 2026-07-16 13:02:21.852 CEST [374577] LOG:  listening on IPv4 address "127.0.0.1", port 39949
2026-07-16T13:02:21.853+02:00  INFO 373304 --- [res:pid(374572)] i.z.t.d.p.embedded.EmbeddedPostgres      : 2026-07-16 13:02:21.852 CEST [374577] LOG:  listening on Unix socket "/tmp/.s.PGSQL.39949"
2026-07-16T13:02:21.854+02:00  INFO 373304 --- [res:pid(374572)] i.z.t.d.p.embedded.EmbeddedPostgres      : 2026-07-16 13:02:21.854 CEST [374578] LOG:  database system was shut down at 2026-07-16 13:02:21 CEST
2026-07-16T13:02:21.856+02:00  INFO 373304 --- [res:pid(374572)] i.z.t.d.p.embedded.EmbeddedPostgres      : 2026-07-16 13:02:21.856 CEST [374577] LOG:  database system is ready to accept connections
2026-07-16T13:02:21.934+02:00  INFO 373304 --- [res:pid(374572)] i.z.t.d.p.embedded.EmbeddedPostgres      :  done
2026-07-16T13:02:21.934+02:00  INFO 373304 --- [res:pid(374572)] i.z.t.d.p.embedded.EmbeddedPostgres      : server started
2026-07-16T13:02:21.937+02:00  INFO 373304 --- [    Test worker] i.z.t.d.p.embedded.EmbeddedPostgres      : caa654db-eb27-43c1-8a57-843a1d03ba15 postmaster startup finished in 00:00:00.109
2026-07-16T13:02:21.937+02:00  INFO 373304 --- [    Test worker] com.zaxxer.hikari.HikariDataSource       : HikariPool-21 - Starting...
2026-07-16T13:02:21.941+02:00  INFO 373304 --- [    Test worker] com.zaxxer.hikari.pool.HikariPool        : HikariPool-21 - Added connection org.postgresql.jdbc.PgConnection@6fdd3382
2026-07-16T13:02:21.942+02:00  INFO 373304 --- [    Test worker] com.zaxxer.hikari.HikariDataSource       : HikariPool-21 - Start completed.
2026-07-16T13:02:21.974+02:00  INFO 373304 --- [    Test worker] d.t.e.s.SovereignLabProfileSmokeTest     : Starting SovereignLabProfileSmokeTest using Java 21.0.7 with PID 373304 (started by gionag in /home/gionag/tramAI/examples/spring-sovereign-starter)
2026-07-16T13:02:21.974+02:00  INFO 373304 --- [    Test worker] d.t.e.s.SovereignLabProfileSmokeTest     : The following 1 profile is active: "sovereign-lab"
2026-07-16T13:02:24.062+02:00  INFO 373304 --- [    Test worker] d.t.e.s.SovereignLabProfileSmokeTest     : Started SovereignLabProfileSmokeTest in 3.11 seconds (process running for 10.138)
2026-07-16T13:02:24.072+02:00  INFO 373304 --- [r @coroutine#24] com.zaxxer.hikari.HikariDataSource       : HikariPool-22 - Starting...
2026-07-16T13:02:24.076+02:00  INFO 373304 --- [r @coroutine#24] com.zaxxer.hikari.pool.HikariPool        : HikariPool-22 - Added connection org.postgresql.jdbc.PgConnection@72d44be3
2026-07-16T13:02:24.076+02:00  INFO 373304 --- [r @coroutine#24] com.zaxxer.hikari.HikariDataSource       : HikariPool-22 - Start completed.
Sovereign invoice analysis result:
InvoiceAnalysisResult(summary=Invoice requires review before payment., riskLevel=MEDIUM, detectedRisks=[Restricted customer reference present, High-value invoice, Short payment window], recommendedAction=Route to finance approval workflow)
2026-07-16T13:02:24.570+02:00  INFO 373304 --- [    Test worker] com.zaxxer.hikari.HikariDataSource       : HikariPool-21 - Shutdown initiated...
2026-07-16T13:02:24.571+02:00  INFO 373304 --- [    Test worker] com.zaxxer.hikari.HikariDataSource       : HikariPool-21 - Shutdown completed.
2026-07-16T13:02:24.574+02:00  INFO 373304 --- [res:pid(374572)] i.z.t.d.p.embedded.EmbeddedPostgres      : 2026-07-16 13:02:24.574 CEST [374577] LOG:  received fast shutdown request
2026-07-16T13:02:24.574+02:00  INFO 373304 --- [res:pid(374572)] i.z.t.d.p.embedded.EmbeddedPostgres      : 2026-07-16 13:02:24.574 CEST [374577] LOG:  aborting any active transactions
2026-07-16T13:02:24.674+02:00  INFO 373304 --- [ctl:pid(375090)] i.z.t.d.p.embedded.EmbeddedPostgres      : waiting for server to shut down.... done
2026-07-16T13:02:24.674+02:00  INFO 373304 --- [ctl:pid(375090)] i.z.t.d.p.embedded.EmbeddedPostgres      : server stopped
2026-07-16T13:02:24.674+02:00  INFO 373304 --- [    Test worker] i.z.t.d.p.embedded.EmbeddedPostgres      : caa654db-eb27-43c1-8a57-843a1d03ba15 shut down postmaster in 00:00:00.103
]]></system-out>
  <system-err><![CDATA[Mockito is currently self-attaching to enable the inline-mock-maker. This will no longer work in future releases of the JDK. Please add Mockito as an agent to your build what is described in Mockito's documentation: https://javadoc.io/doc/org.mockito/mockito-core/latest/org/mockito/Mockito.html#0.3
WARNING: A Java agent has been loaded dynamically (/home/gionag/.gradle/caches/modules-2/files-2.1/net.bytebuddy/byte-buddy-agent/1.15.11/a38b16385e867f59a641330f0362ebe742788ed8/byte-buddy-agent-1.15.11.jar)
WARNING: If a serviceability tool is in use, please run with -XX:+EnableDynamicAgentLoading to hide this warning
WARNING: If a serviceability tool is not in use, please run with -Djdk.instrument.traceUsage for more information
WARNING: Dynamic loading of agents will be disallowed by default in a future release
]]></system-err>
</testsuite>
