<?xml version="1.0" encoding="UTF-8"?>
<testsuite name="dev.tramai.examples.spring.SpringSovereignStarterExampleTest" tests="2" skipped="0" failures="0" errors="0" timestamp="2026-07-16T10:41:28.171Z" hostname="gionag-ThinkStation-P620" time="0.53">
  <properties/>
  <testcase name="analyzeInvoice returns deterministic result through sovereign runtime()" classname="dev.tramai.examples.spring.SpringSovereignStarterExampleTest" time="0.527"/>
  <testcase name="context loads with SovereignTramaiRuntime()" classname="dev.tramai.examples.spring.SpringSovereignStarterExampleTest" time="0.002"/>
  <system-out><![CDATA[12:41:26.069 [Test worker] INFO org.springframework.test.context.support.AnnotationConfigContextLoaderUtils -- Could not detect default configuration classes for test class [dev.tramai.examples.spring.SpringSovereignStarterExampleTest]: SpringSovereignStarterExampleTest does not declare any static, non-private, non-final, nested classes annotated with @Configuration.
12:41:26.164 [Test worker] INFO org.springframework.boot.test.context.SpringBootTestContextBootstrapper -- Found @SpringBootConfiguration dev.tramai.examples.spring.SpringSovereignStarterApplication for test class dev.tramai.examples.spring.SpringSovereignStarterExampleTest

  .   ____          _            __ _ _
 /\\ / ___'_ __ _ _(_)_ __  __ _ \ \ \ \
( ( )\___ | '_ | '_| | '_ \/ _` | \ \ \ \
 \\/  ___)| |_)| | | | | || (_| |  ) ) ) )
  '  |____| .__|_| |_|_| |_\__, | / / / /
 =========|_|==============|___/=/_/_/_/

 :: Spring Boot ::                (v3.4.5)

2026-07-16T12:41:26.429+02:00  INFO 336396 --- [    Test worker] .t.e.s.SpringSovereignStarterExampleTest : Starting SpringSovereignStarterExampleTest using Java 21.0.7 with PID 336396 (started by gionag in /home/gionag/tramAI/examples/spring-sovereign-starter)
2026-07-16T12:41:26.430+02:00  INFO 336396 --- [    Test worker] .t.e.s.SpringSovereignStarterExampleTest : No active profile set, falling back to 1 default profile: "default"
2026-07-16T12:41:28.068+02:00  INFO 336396 --- [    Test worker] .t.e.s.SpringSovereignStarterExampleTest : Started SpringSovereignStarterExampleTest in 1.825 seconds (process running for 2.548)
Sovereign invoice analysis result:
InvoiceAnalysisResult(summary=Invoice requires review before payment., riskLevel=MEDIUM, detectedRisks=[Restricted customer reference present, High-value invoice, Short payment window], recommendedAction=Route to finance approval workflow)
]]></system-out>
  <system-err><![CDATA[Mockito is currently self-attaching to enable the inline-mock-maker. This will no longer work in future releases of the JDK. Please add Mockito as an agent to your build what is described in Mockito's documentation: https://javadoc.io/doc/org.mockito/mockito-core/latest/org/mockito/Mockito.html#0.3
WARNING: A Java agent has been loaded dynamically (/home/gionag/.gradle/caches/modules-2/files-2.1/net.bytebuddy/byte-buddy-agent/1.15.11/a38b16385e867f59a641330f0362ebe742788ed8/byte-buddy-agent-1.15.11.jar)
WARNING: If a serviceability tool is in use, please run with -XX:+EnableDynamicAgentLoading to hide this warning
WARNING: If a serviceability tool is not in use, please run with -Djdk.instrument.traceUsage for more information
WARNING: Dynamic loading of agents will be disallowed by default in a future release
]]></system-err>
</testsuite>
