<?xml version="1.0" encoding="UTF-8"?>
<testsuite name="dev.tramai.examples.offline.SovereignOfflineExampleTest" tests="7" skipped="0" failures="0" errors="0" timestamp="2026-07-16T10:41:17.623Z" hostname="gionag-ThinkStation-P620" time="1.116">
  <properties/>
  <testcase name="report writer produces valid JSON with no sensitive paths()" classname="dev.tramai.examples.offline.SovereignOfflineExampleTest" time="0.055"/>
  <testcase name="audit chain validates after loopback invocation()" classname="dev.tramai.examples.offline.SovereignOfflineExampleTest" time="0.903"/>
  <testcase name="loopback server binds to 127-0-0-1 and returns valid response()" classname="dev.tramai.examples.offline.SovereignOfflineExampleTest" time="0.015"/>
  <testcase name="loopback provider invokes server and increments counter()" classname="dev.tramai.examples.offline.SovereignOfflineExampleTest" time="0.059"/>
  <testcase name="report content has stable key ordering()" classname="dev.tramai.examples.offline.SovereignOfflineExampleTest" time="0.002"/>
  <testcase name="report writer creates parent directory()" classname="dev.tramai.examples.offline.SovereignOfflineExampleTest" time="0.006"/>
  <testcase name="main flow works when network probes are blocked(Path)" classname="dev.tramai.examples.offline.SovereignOfflineExampleTest" time="0.07"/>
  <system-out><![CDATA[GITHUB_* env vars not set — attestation omitted from evidence pack
EVIDENCE_PACK_WRITTEN: /tmp/junit-4871992575882111736/sovereign-evidence-pack-v1.json
]]></system-out>
  <system-err><![CDATA[]]></system-err>
</testsuite>
