<?xml version="1.0" encoding="UTF-8"?>
<testsuite name="dev.tramai.examples.sovereign.SovereignDocumentIntelligenceWorkflowTest" tests="10" skipped="0" failures="0" errors="0" timestamp="2026-07-16T10:41:17.637Z" hostname="gionag-ThinkStation-P620" time="1.135">
  <properties/>
  <testcase name="unregistered model is rejected before provider invocation()" classname="dev.tramai.examples.sovereign.SovereignDocumentIntelligenceWorkflowTest" time="0.778"/>
  <testcase name="release bundle manifest can be loaded and included in evidence pack()" classname="dev.tramai.examples.sovereign.SovereignDocumentIntelligenceWorkflowTest" time="0.183"/>
  <testcase name="audit chain includes workflow resume and approval enforcement points()" classname="dev.tramai.examples.sovereign.SovereignDocumentIntelligenceWorkflowTest" time="0.035"/>
  <testcase name="evidence pack can be generated from completed workflow()" classname="dev.tramai.examples.sovereign.SovereignDocumentIntelligenceWorkflowTest" time="0.036"/>
  <testcase name="restricted invoice suspends for approval and resumes with exactly-once payment()" classname="dev.tramai.examples.sovereign.SovereignDocumentIntelligenceWorkflowTest" time="0.022"/>
  <testcase name="wrong approval token is rejected before tool execution()" classname="dev.tramai.examples.sovereign.SovereignDocumentIntelligenceWorkflowTest" time="0.008"/>
  <testcase name="restricted invoice allows exactly one payment after duplicate resume attempt()" classname="dev.tramai.examples.sovereign.SovereignDocumentIntelligenceWorkflowTest" time="0.018"/>
  <testcase name="structured invoice assessment is deterministic across runs()" classname="dev.tramai.examples.sovereign.SovereignDocumentIntelligenceWorkflowTest" time="0.031"/>
  <testcase name="restricted invoice routes only through approved local provider()" classname="dev.tramai.examples.sovereign.SovereignDocumentIntelligenceWorkflowTest" time="0.011"/>
  <testcase name="disabled model registry entry fails before provider invocation()" classname="dev.tramai.examples.sovereign.SovereignDocumentIntelligenceWorkflowTest" time="0.005"/>
  <system-out><![CDATA[]]></system-out>
  <system-err><![CDATA[]]></system-err>
</testsuite>
