<?xml version="1.0" encoding="UTF-8"?>
<testsuite name="dev.tramai.examples.springboot.ExampleSmokeTest" tests="3" skipped="0" failures="0" errors="0" timestamp="2026-07-12T15:53:54.100Z" hostname="gionag-ThinkStation-P620" time="0.017">
  <properties/>
  <testcase name="summaryEndpointReturnsRawTextResponse()" classname="dev.tramai.examples.springboot.ExampleSmokeTest" time="0.005"/>
  <testcase name="triageEndpointReturnsTypedStructuredResponse()" classname="dev.tramai.examples.springboot.ExampleSmokeTest" time="0.009"/>
  <testcase name="contextLoadsWithTramaiAiServiceBean()" classname="dev.tramai.examples.springboot.ExampleSmokeTest" time="0.001"/>
  <system-out><![CDATA[2026-07-12T17:53:53.946+02:00  INFO 95342 --- [kotlin-springboot-example] [    Test worker] t.c.s.AnnotationConfigContextLoaderUtils : Could not detect default configuration classes for test class [dev.tramai.examples.springboot.ExampleSmokeTest]: ExampleSmokeTest does not declare any static, non-private, non-final, nested classes annotated with @Configuration.
2026-07-12T17:53:53.947+02:00  INFO 95342 --- [kotlin-springboot-example] [    Test worker] .b.t.c.SpringBootTestContextBootstrapper : Found @SpringBootConfiguration dev.tramai.examples.springboot.ExampleApplication for test class dev.tramai.examples.springboot.ExampleSmokeTest

  .   ____          _            __ _ _
 /\\ / ___'_ __ _ _(_)_ __  __ _ \ \ \ \
( ( )\___ | '_ | '_| | '_ \/ _` | \ \ \ \
 \\/  ___)| |_)| | | | | || (_| |  ) ) ) )
  '  |____| .__|_| |_|_| |_\__, | / / / /
 =========|_|==============|___/=/_/_/_/

 :: Spring Boot ::                (v3.4.5)

2026-07-12T17:53:53.961+02:00  INFO 95342 --- [kotlin-springboot-example] [    Test worker] d.t.e.springboot.ExampleSmokeTest        : Starting ExampleSmokeTest using Java 21.0.7 with PID 95342 (started by gionag in /home/gionag/tramAI/examples/kotlin-springboot-example)
2026-07-12T17:53:53.961+02:00  INFO 95342 --- [kotlin-springboot-example] [    Test worker] d.t.e.springboot.ExampleSmokeTest        : No active profile set, falling back to 1 default profile: "default"
2026-07-12T17:53:54.094+02:00  INFO 95342 --- [kotlin-springboot-example] [    Test worker] o.s.b.t.m.w.SpringBootMockServletContext : Initializing Spring TestDispatcherServlet ''
2026-07-12T17:53:54.094+02:00  INFO 95342 --- [kotlin-springboot-example] [    Test worker] o.s.t.web.servlet.TestDispatcherServlet  : Initializing Servlet ''
2026-07-12T17:53:54.095+02:00  INFO 95342 --- [kotlin-springboot-example] [    Test worker] o.s.t.web.servlet.TestDispatcherServlet  : Completed initialization in 0 ms
2026-07-12T17:53:54.098+02:00  INFO 95342 --- [kotlin-springboot-example] [    Test worker] d.t.e.springboot.ExampleSmokeTest        : Started ExampleSmokeTest in 0.149 seconds (process running for 7.598)
2026-07-12T17:53:54.103+02:00  WARN 95342 --- [kotlin-springboot-example] [ @coroutine#827] d.tramai.engine.PolicyEnforcementHelper  : TramAI Engine: No PolicyEngine configured. Operations are allowed through LegacyPermissivePolicyEngine for 0.4.x backward compatibility. Configure an explicit PolicyEngine before production use.
]]></system-out>
  <system-err><![CDATA[]]></system-err>
</testsuite>
