<?xml version="1.0" encoding="UTF-8"?>
<testsuite name="dev.tramai.examples.sovereign.consumersmoke.SmokeContextTest" tests="2" skipped="0" failures="0" errors="0" timestamp="2026-07-14T12:15:59.247Z" hostname="gionag-ThinkStation-P620" time="0.504">
  <properties/>
  <testcase name="observer fallback is RecordingObserver when no OpenTelemetry bean is present()" classname="dev.tramai.examples.sovereign.consumersmoke.SmokeContextTest" time="0.5"/>
  <testcase name="Spring context loads with sovereign starters on classpath()" classname="dev.tramai.examples.sovereign.consumersmoke.SmokeContextTest" time="0.003"/>
  <system-out><![CDATA[14:15:58.215 [Test worker] INFO org.springframework.test.context.support.AnnotationConfigContextLoaderUtils -- Could not detect default configuration classes for test class [dev.tramai.examples.sovereign.consumersmoke.SmokeContextTest]: SmokeContextTest does not declare any static, non-private, non-final, nested classes annotated with @Configuration.
14:15:58.278 [Test worker] INFO org.springframework.boot.test.context.SpringBootTestContextBootstrapper -- Found @SpringBootConfiguration dev.tramai.examples.sovereign.consumersmoke.SmokeApplication for test class dev.tramai.examples.sovereign.consumersmoke.SmokeContextTest

  .   ____          _            __ _ _
 /\\ / ___'_ __ _ _(_)_ __  __ _ \ \ \ \
( ( )\___ | '_ | '_| | '_ \/ _` | \ \ \ \
 \\/  ___)| |_)| | | | | || (_| |  ) ) ) )
  '  |____| .__|_| |_|_| |_\__, | / / / /
 =========|_|==============|___/=/_/_/_/

 :: Spring Boot ::                (v3.4.5)

2026-07-14T14:15:58.549+02:00  INFO 475604 --- [    Test worker] d.t.e.s.consumersmoke.SmokeContextTest   : Starting SmokeContextTest using Java 21.0.7 with PID 475604 (started by gionag in /home/gionag/tramAI/examples/sovereign-runtime-consumer-smoke)
2026-07-14T14:15:58.550+02:00  INFO 475604 --- [    Test worker] d.t.e.s.consumersmoke.SmokeContextTest   : No active profile set, falling back to 1 default profile: "default"
2026-07-14T14:15:59.243+02:00  INFO 475604 --- [    Test worker] d.t.e.s.consumersmoke.SmokeContextTest   : Started SmokeContextTest in 0.886 seconds (process running for 1.546)
]]></system-out>
  <system-err><![CDATA[Mockito is currently self-attaching to enable the inline-mock-maker. This will no longer work in future releases of the JDK. Please add Mockito as an agent to your build what is described in Mockito's documentation: https://javadoc.io/doc/org.mockito/mockito-core/latest/org/mockito/Mockito.html#0.3
WARNING: A Java agent has been loaded dynamically (/home/gionag/.gradle/caches/modules-2/files-2.1/net.bytebuddy/byte-buddy-agent/1.15.11/a38b16385e867f59a641330f0362ebe742788ed8/byte-buddy-agent-1.15.11.jar)
WARNING: If a serviceability tool is in use, please run with -XX:+EnableDynamicAgentLoading to hide this warning
WARNING: If a serviceability tool is not in use, please run with -Djdk.instrument.traceUsage for more information
WARNING: Dynamic loading of agents will be disallowed by default in a future release
]]></system-err>
</testsuite>
